<?xml version="1.0" encoding="UTF-8"?>
<testsuite name="com.practice.springpracticeboard.PracticeBoardApplicationTests" tests="1" skipped="0" failures="0" errors="0" timestamp="2023-02-03T04:05:38" hostname="Jeongmin-ui-MacBookAir.local" time="0.565">
  <properties/>
  <testcase name="contextLoads()" classname="com.practice.springpracticeboard.PracticeBoardApplicationTests" time="0.565"/>
  <system-out><![CDATA[13:05:35.224 [Test worker] DEBUG org.springframework.boot.test.context.SpringBootTestContextBootstrapper - Neither @ContextConfiguration nor @ContextHierarchy found for test class [PracticeBoardApplicationTests]: using SpringBootContextLoader
13:05:35.231 [Test worker] DEBUG org.springframework.test.context.support.AbstractContextLoader - Could not detect default resource locations for test class [com.practice.springpracticeboard.PracticeBoardApplicationTests]: no resource found for suffixes {-context.xml, Context.groovy}.
13:05:35.232 [Test worker] INFO org.springframework.test.context.support.AnnotationConfigContextLoaderUtils - Could not detect default configuration classes for test class [com.practice.springpracticeboard.PracticeBoardApplicationTests]: PracticeBoardApplicationTests does not declare any static, non-private, non-final, nested classes annotated with @Configuration.
13:05:35.261 [Test worker] DEBUG org.springframework.boot.test.context.SpringBootTestContextBootstrapper - Using ContextCustomizers for test class [PracticeBoardApplicationTests]: [DisableObservabilityContextCustomizer, PropertyMappingContextCustomizer, Customizer, ExcludeFilterContextCustomizer, DuplicateJsonObjectContextCustomizer, MockitoContextCustomizer, TestRestTemplateContextCustomizer]
13:05:35.353 [Test worker] DEBUG org.springframework.context.annotation.ClassPathScanningCandidateComponentProvider - Identified candidate component class: file [/Users/choejeongmin/Documents/spring/spring-practice-board/spring-practice-board/build/classes/java/main/com/practice/springpracticeboard/PracticeBoardApplication.class]
13:05:35.358 [Test worker] INFO org.springframework.boot.test.context.SpringBootTestContextBootstrapper - Found @SpringBootConfiguration com.practice.springpracticeboard.PracticeBoardApplication for test class com.practice.springpracticeboard.PracticeBoardApplicationTests
13:05:35.441 [Test worker] DEBUG org.springframework.test.context.util.TestContextSpringFactoriesUtils - Skipping candidate TestExecutionListener [org.springframework.test.context.transaction.TransactionalTestExecutionListener] due to a missing dependency. Specify custom TestExecutionListener classes or make the default TestExecutionListener classes and their required dependencies available. Offending class: [org/springframework/transaction/interceptor/TransactionAttributeSource]
13:05:35.443 [Test worker] DEBUG org.springframework.test.context.util.TestContextSpringFactoriesUtils - Skipping candidate TestExecutionListener [org.springframework.test.context.jdbc.SqlScriptsTestExecutionListener] due to a missing dependency. Specify custom TestExecutionListener classes or make the default TestExecutionListener classes and their required dependencies available. Offending class: [org/springframework/transaction/interceptor/TransactionAttribute]
13:05:35.446 [Test worker] DEBUG org.springframework.boot.test.context.SpringBootTestContextBootstrapper - Using TestExecutionListeners for test class [PracticeBoardApplicationTests]: [ServletTestExecutionListener, DirtiesContextBeforeModesTestExecutionListener, ApplicationEventsTestExecutionListener, MockitoTestExecutionListener, DependencyInjectionTestExecutionListener, DirtiesContextTestExecutionListener, EventPublishingTestExecutionListener, RestDocsTestExecutionListener, MockRestServiceServerResetTestExecutionListener, MockMvcPrintOnlyOnFailureTestExecutionListener, WebDriverTestExecutionListener, MockWebServiceServerTestExecutionListener, ResetMocksTestExecutionListener]
13:05:35.448 [Test worker] DEBUG org.springframework.test.context.support.AbstractDirtiesContextTestExecutionListener - Before test class: class [PracticeBoardApplicationTests], class annotated with @DirtiesContext [false] with mode [null]

  .   ____          _            __ _ _
 /\\ / ___'_ __ _ _(_)_ __  __ _ \ \ \ \
( ( )\___ | '_ | '_| | '_ \/ _` | \ \ \ \
 \\/  ___)| |_)| | | | | || (_| |  ) ) ) )
  '  |____| .__|_| |_|_| |_\__, | / / / /
 =========|_|==============|___/=/_/_/_/
 :: Spring Boot ::                (v3.0.2)

2023-02-03T13:05:35.888+09:00  INFO 71304 --- [    Test worker] c.p.s.PracticeBoardApplicationTests      : Starting PracticeBoardApplicationTests using Java 19.0.1 with PID 71304 (started by choejeongmin in /Users/choejeongmin/Documents/spring/spring-practice-board/spring-practice-board)
2023-02-03T13:05:35.894+09:00  INFO 71304 --- [    Test worker] c.p.s.PracticeBoardApplicationTests      : No active profile set, falling back to 1 default profile: "default"
2023-02-03T13:05:38.419+09:00  INFO 71304 --- [    Test worker] o.s.b.a.e.web.EndpointLinksResolver      : Exposing 1 endpoint(s) beneath base path '/actuator'
2023-02-03T13:05:38.500+09:00  INFO 71304 --- [    Test worker] c.p.s.PracticeBoardApplicationTests      : Started PracticeBoardApplicationTests in 3.012 seconds (process running for 4.5)
]]></system-out>
  <system-err><![CDATA[]]></system-err>
</testsuite>
